<?xml version="1.0" encoding="UTF-8"?>
<!-- Generated by org.testng.reporters.JUnitReportReporter -->
<testsuite skipped="0" hostname="DESKTOP-C7SRO4S" name="Merhod1.Datapro" tests="3" failures="0" timestamp="24 May 2020 04:50:32 GMT" time="40.877" errors="0">
  <testcase name="setData" time="10.862" classname="Merhod1.Datapro"/>
  <testcase name="setData" time="18.148" classname="Merhod1.Datapro"/>
  <testcase name="setData" time="11.867" classname="Merhod1.Datapro"/>
</testsuite> <!-- Merhod1.Datapro -->
