<?xml version="1.0" encoding="UTF-8"?>
<!-- Generated by org.testng.reporters.JUnitReportReporter -->
<testsuite skipped="0" hostname="DESKTOP-C7SRO4S" name="Merhod1.Method2" tests="3" failures="0" timestamp="24 May 2020 07:37:35 GMT" time="55.987" errors="0">
  <testcase name="method2" time="27.670" classname="Merhod1.Method2"/>
  <testcase name="method2" time="11.060" classname="Merhod1.Method2"/>
  <testcase name="method2" time="17.257" classname="Merhod1.Method2"/>
</testsuite> <!-- Merhod1.Method2 -->
